[2026-05-19T04:33:13.972+0000] {local_task_job_runner.py:120} INFO - ::group::Pre task execution logs
[2026-05-19T04:33:14.025+0000] {taskinstance.py:2076} INFO - Dependencies all met for dep_context=non-requeueable deps ti=<TaskInstance: create_gcs_bucket_latest.create_gcs_bucket manual__2026-05-19T04:33:12.587759+00:00 [queued]>
[2026-05-19T04:33:14.035+0000] {taskinstance.py:2076} INFO - Dependencies all met for dep_context=requeueable deps ti=<TaskInstance: create_gcs_bucket_latest.create_gcs_bucket manual__2026-05-19T04:33:12.587759+00:00 [queued]>
[2026-05-19T04:33:14.037+0000] {taskinstance.py:2306} INFO - Starting attempt 1 of 1
[2026-05-19T04:33:14.059+0000] {taskinstance.py:2330} INFO - Executing <Task(BashOperator): create_gcs_bucket> on 2026-05-19 04:33:12.587759+00:00
[2026-05-19T04:33:14.073+0000] {logging_mixin.py:188} WARNING - /home/***/.local/lib/python3.12/site-packages/***/task/task_runner/standard_task_runner.py:62 DeprecationWarning: This process (pid=174) is multi-threaded, use of fork() may lead to deadlocks in the child.
[2026-05-19T04:33:14.070+0000] {standard_task_runner.py:90} INFO - Running: ['***', 'tasks', 'run', 'create_gcs_bucket_latest', 'create_gcs_bucket', 'manual__2026-05-19T04:33:12.587759+00:00', '--job-id', '4', '--raw', '--subdir', 'DAGS_FOLDER/CreateGcsBucket.py', '--cfg-path', '/tmp/tmphyy3wxbm']
[2026-05-19T04:33:14.075+0000] {standard_task_runner.py:64} INFO - Started process 175 to run task
[2026-05-19T04:33:14.075+0000] {standard_task_runner.py:91} INFO - Job 4: Subtask create_gcs_bucket
[2026-05-19T04:33:14.173+0000] {task_command.py:426} INFO - Running <TaskInstance: create_gcs_bucket_latest.create_gcs_bucket manual__2026-05-19T04:33:12.587759+00:00 [running]> on host 5c9e0b7d74f9
[2026-05-19T04:33:14.340+0000] {taskinstance.py:2648} INFO - Exporting env vars: AIRFLOW_CTX_DAG_OWNER='***' AIRFLOW_CTX_DAG_ID='create_gcs_bucket_latest' AIRFLOW_CTX_TASK_ID='create_gcs_bucket' AIRFLOW_CTX_EXECUTION_DATE='2026-05-19T04:33:12.587759+00:00' AIRFLOW_CTX_TRY_NUMBER='1' AIRFLOW_CTX_DAG_RUN_ID='manual__2026-05-19T04:33:12.587759+00:00'
[2026-05-19T04:33:14.341+0000] {taskinstance.py:430} INFO - ::endgroup::
[2026-05-19T04:33:14.393+0000] {subprocess.py:63} INFO - Tmp dir root location: /tmp
[2026-05-19T04:33:14.395+0000] {subprocess.py:75} INFO - Running command: ['/usr/bin/bash', '-c', '\n        export GOOGLE_APPLICATION_CREDENTIALS=/opt/***/keys/sodium-hope-496414-q7-67bd82e4d356.json"\n\n        gcloud auth activate-service-account --key-file=$GOOGLE_APPLICATION_CREDENTIALS\n\n        gcloud config set project sodium-hope-496414-q7\n\n        if ! gcloud storage buckets describe gs://spalika_sales_data >/dev/null 2>&1; then\n            gcloud storage buckets create gs://spalika_sales_data --location=US\n        else\n            echo "Bucket already exists"\n        fi\n        ']
[2026-05-19T04:33:14.406+0000] {subprocess.py:86} INFO - Output:
[2026-05-19T04:33:14.408+0000] {subprocess.py:93} INFO - /usr/bin/bash: -c: line 11: unexpected EOF while looking for matching `"'
[2026-05-19T04:33:14.409+0000] {subprocess.py:97} INFO - Command exited with return code 2
[2026-05-19T04:33:14.410+0000] {taskinstance.py:441} INFO - ::group::Post task execution logs
[2026-05-19T04:33:14.427+0000] {taskinstance.py:2905} ERROR - Task failed with exception
Traceback (most recent call last):
  File "/home/airflow/.local/lib/python3.12/site-packages/airflow/models/taskinstance.py", line 465, in _execute_task
    result = _execute_callable(context=context, **execute_callable_kwargs)
             ^^^^^^^^^^^^^^^^^^^^^^^^^^^^^^^^^^^^^^^^^^^^^^^^^^^^^^^^^^^^^
  File "/home/airflow/.local/lib/python3.12/site-packages/airflow/models/taskinstance.py", line 432, in _execute_callable
    return execute_callable(context=context, **execute_callable_kwargs)
           ^^^^^^^^^^^^^^^^^^^^^^^^^^^^^^^^^^^^^^^^^^^^^^^^^^^^^^^^^^^^
  File "/home/airflow/.local/lib/python3.12/site-packages/airflow/models/baseoperator.py", line 401, in wrapper
    return func(self, *args, **kwargs)
           ^^^^^^^^^^^^^^^^^^^^^^^^^^^
  File "/home/airflow/.local/lib/python3.12/site-packages/airflow/operators/bash.py", line 243, in execute
    raise AirflowException(
airflow.exceptions.AirflowException: Bash command failed. The command returned a non-zero exit code 2.
[2026-05-19T04:33:14.431+0000] {taskinstance.py:1206} INFO - Marking task as FAILED. dag_id=create_gcs_bucket_latest, task_id=create_gcs_bucket, run_id=manual__2026-05-19T04:33:12.587759+00:00, execution_date=20260519T043312, start_date=20260519T043314, end_date=20260519T043314
[2026-05-19T04:33:14.449+0000] {standard_task_runner.py:110} ERROR - Failed to execute job 4 for task create_gcs_bucket (Bash command failed. The command returned a non-zero exit code 2.; 175)
[2026-05-19T04:33:14.492+0000] {local_task_job_runner.py:243} INFO - Task exited with return code 1
[2026-05-19T04:33:14.520+0000] {taskinstance.py:3503} INFO - 0 downstream tasks scheduled from follow-on schedule check
[2026-05-19T04:33:14.524+0000] {local_task_job_runner.py:222} INFO - ::endgroup::
