[2026-05-19T03:49:33.823+0000] {local_task_job_runner.py:120} INFO - ::group::Pre task execution logs
[2026-05-19T03:49:33.865+0000] {taskinstance.py:2076} INFO - Dependencies all met for dep_context=non-requeueable deps ti=<TaskInstance: create_gcs_bucket_latest.create_gcs_bucket manual__2026-05-19T03:49:33.100516+00:00 [queued]>
[2026-05-19T03:49:33.873+0000] {taskinstance.py:2076} INFO - Dependencies all met for dep_context=requeueable deps ti=<TaskInstance: create_gcs_bucket_latest.create_gcs_bucket manual__2026-05-19T03:49:33.100516+00:00 [queued]>
[2026-05-19T03:49:33.876+0000] {taskinstance.py:2306} INFO - Starting attempt 1 of 1
[2026-05-19T03:49:33.904+0000] {taskinstance.py:2330} INFO - Executing <Task(BashOperator): create_gcs_bucket> on 2026-05-19 03:49:33.100516+00:00
[2026-05-19T03:49:33.913+0000] {standard_task_runner.py:90} INFO - Running: ['***', 'tasks', 'run', 'create_gcs_bucket_latest', 'create_gcs_bucket', 'manual__2026-05-19T03:49:33.100516+00:00', '--job-id', '2', '--raw', '--subdir', 'DAGS_FOLDER/CreateGcsBucket.py', '--cfg-path', '/tmp/tmp7uyp8xrn']
[2026-05-19T03:49:33.916+0000] {standard_task_runner.py:91} INFO - Job 2: Subtask create_gcs_bucket
[2026-05-19T03:49:33.919+0000] {logging_mixin.py:188} WARNING - /home/***/.local/lib/python3.12/site-packages/***/task/task_runner/standard_task_runner.py:62 DeprecationWarning: This process (pid=174) is multi-threaded, use of fork() may lead to deadlocks in the child.
[2026-05-19T03:49:33.920+0000] {standard_task_runner.py:64} INFO - Started process 175 to run task
[2026-05-19T03:49:34.015+0000] {task_command.py:426} INFO - Running <TaskInstance: create_gcs_bucket_latest.create_gcs_bucket manual__2026-05-19T03:49:33.100516+00:00 [running]> on host 61a4d0d63408
[2026-05-19T03:49:34.159+0000] {taskinstance.py:2648} INFO - Exporting env vars: AIRFLOW_CTX_DAG_OWNER='***' AIRFLOW_CTX_DAG_ID='create_gcs_bucket_latest' AIRFLOW_CTX_TASK_ID='create_gcs_bucket' AIRFLOW_CTX_EXECUTION_DATE='2026-05-19T03:49:33.100516+00:00' AIRFLOW_CTX_TRY_NUMBER='1' AIRFLOW_CTX_DAG_RUN_ID='manual__2026-05-19T03:49:33.100516+00:00'
[2026-05-19T03:49:34.160+0000] {taskinstance.py:430} INFO - ::endgroup::
[2026-05-19T03:49:34.204+0000] {subprocess.py:63} INFO - Tmp dir root location: /tmp
[2026-05-19T03:49:34.205+0000] {subprocess.py:75} INFO - Running command: ['/usr/bin/bash', '-c', '\n        export GOOGLE_APPLICATION_CREDENTIALS=/opt/***/keys/service-account.json\n\n        if ! gcloud storage buckets describe gs://spalika_sales_data >/dev/null 2>&1; then\n            gcloud storage buckets create gs://spalika_sales_data             --location=US             --uniform-bucket-level-access\n        else\n            echo "Bucket already exists"\n        fi\n        ']
[2026-05-19T03:49:34.217+0000] {subprocess.py:86} INFO - Output:
[2026-05-19T03:49:36.203+0000] {subprocess.py:93} INFO - Creating gs://spalika_sales_data/...
[2026-05-19T03:49:36.209+0000] {subprocess.py:93} INFO - ERROR: (gcloud.storage.buckets.create) You do not currently have an active account selected.
[2026-05-19T03:49:36.213+0000] {subprocess.py:93} INFO - Please run:
[2026-05-19T03:49:36.217+0000] {subprocess.py:93} INFO - 
[2026-05-19T03:49:36.218+0000] {subprocess.py:93} INFO -   $ gcloud auth login
[2026-05-19T03:49:36.218+0000] {subprocess.py:93} INFO - 
[2026-05-19T03:49:36.219+0000] {subprocess.py:93} INFO - to obtain new credentials.
[2026-05-19T03:49:36.219+0000] {subprocess.py:93} INFO - 
[2026-05-19T03:49:36.220+0000] {subprocess.py:93} INFO - If you have already logged in with a different account, run:
[2026-05-19T03:49:36.220+0000] {subprocess.py:93} INFO - 
[2026-05-19T03:49:36.221+0000] {subprocess.py:93} INFO -   $ gcloud config set account ACCOUNT
[2026-05-19T03:49:36.221+0000] {subprocess.py:93} INFO - 
[2026-05-19T03:49:36.222+0000] {subprocess.py:93} INFO - to select an already authenticated account to use.
[2026-05-19T03:49:36.419+0000] {subprocess.py:97} INFO - Command exited with return code 1
[2026-05-19T03:49:36.420+0000] {taskinstance.py:441} INFO - ::group::Post task execution logs
[2026-05-19T03:49:36.437+0000] {taskinstance.py:2905} ERROR - Task failed with exception
Traceback (most recent call last):
  File "/home/airflow/.local/lib/python3.12/site-packages/airflow/models/taskinstance.py", line 465, in _execute_task
    result = _execute_callable(context=context, **execute_callable_kwargs)
             ^^^^^^^^^^^^^^^^^^^^^^^^^^^^^^^^^^^^^^^^^^^^^^^^^^^^^^^^^^^^^
  File "/home/airflow/.local/lib/python3.12/site-packages/airflow/models/taskinstance.py", line 432, in _execute_callable
    return execute_callable(context=context, **execute_callable_kwargs)
           ^^^^^^^^^^^^^^^^^^^^^^^^^^^^^^^^^^^^^^^^^^^^^^^^^^^^^^^^^^^^
  File "/home/airflow/.local/lib/python3.12/site-packages/airflow/models/baseoperator.py", line 401, in wrapper
    return func(self, *args, **kwargs)
           ^^^^^^^^^^^^^^^^^^^^^^^^^^^
  File "/home/airflow/.local/lib/python3.12/site-packages/airflow/operators/bash.py", line 243, in execute
    raise AirflowException(
airflow.exceptions.AirflowException: Bash command failed. The command returned a non-zero exit code 1.
[2026-05-19T03:49:36.442+0000] {taskinstance.py:1206} INFO - Marking task as FAILED. dag_id=create_gcs_bucket_latest, task_id=create_gcs_bucket, run_id=manual__2026-05-19T03:49:33.100516+00:00, execution_date=20260519T034933, start_date=20260519T034933, end_date=20260519T034936
[2026-05-19T03:49:36.470+0000] {standard_task_runner.py:110} ERROR - Failed to execute job 2 for task create_gcs_bucket (Bash command failed. The command returned a non-zero exit code 1.; 175)
[2026-05-19T03:49:36.506+0000] {local_task_job_runner.py:243} INFO - Task exited with return code 1
[2026-05-19T03:49:36.535+0000] {taskinstance.py:3503} INFO - 0 downstream tasks scheduled from follow-on schedule check
[2026-05-19T03:49:36.562+0000] {local_task_job_runner.py:222} INFO - ::endgroup::
