[2026-05-19T04:37:53.414+0000] {local_task_job_runner.py:120} INFO - ::group::Pre task execution logs
[2026-05-19T04:37:53.461+0000] {taskinstance.py:2076} INFO - Dependencies all met for dep_context=non-requeueable deps ti=<TaskInstance: create_gcs_bucket_latest.create_gcs_bucket manual__2026-05-19T04:37:52.244577+00:00 [queued]>
[2026-05-19T04:37:53.471+0000] {taskinstance.py:2076} INFO - Dependencies all met for dep_context=requeueable deps ti=<TaskInstance: create_gcs_bucket_latest.create_gcs_bucket manual__2026-05-19T04:37:52.244577+00:00 [queued]>
[2026-05-19T04:37:53.472+0000] {taskinstance.py:2306} INFO - Starting attempt 1 of 1
[2026-05-19T04:37:53.513+0000] {taskinstance.py:2330} INFO - Executing <Task(BashOperator): create_gcs_bucket> on 2026-05-19 04:37:52.244577+00:00
[2026-05-19T04:37:53.527+0000] {standard_task_runner.py:90} INFO - Running: ['***', 'tasks', 'run', 'create_gcs_bucket_latest', 'create_gcs_bucket', 'manual__2026-05-19T04:37:52.244577+00:00', '--job-id', '5', '--raw', '--subdir', 'DAGS_FOLDER/CreateGcsBucket.py', '--cfg-path', '/tmp/tmps90_54m6']
[2026-05-19T04:37:53.532+0000] {standard_task_runner.py:91} INFO - Job 5: Subtask create_gcs_bucket
[2026-05-19T04:37:53.532+0000] {logging_mixin.py:188} WARNING - /home/***/.local/lib/python3.12/site-packages/***/task/task_runner/standard_task_runner.py:62 DeprecationWarning: This process (pid=222) is multi-threaded, use of fork() may lead to deadlocks in the child.
[2026-05-19T04:37:53.533+0000] {standard_task_runner.py:64} INFO - Started process 223 to run task
[2026-05-19T04:37:53.633+0000] {task_command.py:426} INFO - Running <TaskInstance: create_gcs_bucket_latest.create_gcs_bucket manual__2026-05-19T04:37:52.244577+00:00 [running]> on host 5c9e0b7d74f9
[2026-05-19T04:37:53.773+0000] {taskinstance.py:2648} INFO - Exporting env vars: AIRFLOW_CTX_DAG_OWNER='***' AIRFLOW_CTX_DAG_ID='create_gcs_bucket_latest' AIRFLOW_CTX_TASK_ID='create_gcs_bucket' AIRFLOW_CTX_EXECUTION_DATE='2026-05-19T04:37:52.244577+00:00' AIRFLOW_CTX_TRY_NUMBER='1' AIRFLOW_CTX_DAG_RUN_ID='manual__2026-05-19T04:37:52.244577+00:00'
[2026-05-19T04:37:53.774+0000] {taskinstance.py:430} INFO - ::endgroup::
[2026-05-19T04:37:53.789+0000] {subprocess.py:63} INFO - Tmp dir root location: /tmp
[2026-05-19T04:37:53.791+0000] {subprocess.py:75} INFO - Running command: ['/usr/bin/bash', '-c', '\n        export GOOGLE_APPLICATION_CREDENTIALS=/opt/***/keys/sodium-hope-496414-q7-67bd82e4d356.json\n\n        gcloud auth activate-service-account --key-file=$GOOGLE_APPLICATION_CREDENTIALS\n\n        gcloud config set project sodium-hope-496414-q7\n\n        if ! gcloud storage buckets describe gs://spalika_sales_data >/dev/null 2>&1; then\n            gcloud storage buckets create gs://spalika_sales_data --location=US\n        else\n            echo "Bucket already exists"\n        fi\n        ']
[2026-05-19T04:37:53.800+0000] {subprocess.py:86} INFO - Output:
[2026-05-19T04:37:56.702+0000] {subprocess.py:93} INFO - Activated service account credentials for: [***-gcp@sodium-hope-496414-q7.iam.gserviceaccount.com]
[2026-05-19T04:37:59.114+0000] {subprocess.py:93} INFO - WARNING: [***-gcp@sodium-hope-496414-q7.iam.gserviceaccount.com] does not have permission to access projects instance [sodium-hope-496414-q7] (or it may not exist): Cloud Resource Manager API has not been used in project 985164471565 before or it is disabled. Enable it by visiting https://console.developers.google.com/apis/api/cloudresourcemanager.googleapis.com/overview?project=985164471565 then retry. If you enabled this API recently, wait a few minutes for the action to propagate to our systems and retry. This command is authenticated as ***-gcp@sodium-hope-496414-q7.iam.gserviceaccount.com which is the active account specified by the [core/account] property.
[2026-05-19T04:37:59.115+0000] {subprocess.py:93} INFO - - '@type': type.googleapis.com/google.rpc.ErrorInfo
[2026-05-19T04:37:59.116+0000] {subprocess.py:93} INFO -   domain: googleapis.com
[2026-05-19T04:37:59.116+0000] {subprocess.py:93} INFO -   metadata:
[2026-05-19T04:37:59.117+0000] {subprocess.py:93} INFO -     activationUrl: https://console.developers.google.com/apis/api/cloudresourcemanager.googleapis.com/overview?project=985164471565
[2026-05-19T04:37:59.117+0000] {subprocess.py:93} INFO -     consumer: projects/985164471565
[2026-05-19T04:37:59.118+0000] {subprocess.py:93} INFO -     containerInfo: '985164471565'
[2026-05-19T04:37:59.118+0000] {subprocess.py:93} INFO -     service: cloudresourcemanager.googleapis.com
[2026-05-19T04:37:59.119+0000] {subprocess.py:93} INFO -     serviceTitle: Cloud Resource Manager API
[2026-05-19T04:37:59.119+0000] {subprocess.py:93} INFO -   reason: SERVICE_DISABLED
[2026-05-19T04:37:59.120+0000] {subprocess.py:93} INFO - - '@type': type.googleapis.com/google.rpc.LocalizedMessage
[2026-05-19T04:37:59.120+0000] {subprocess.py:93} INFO -   locale: en-US
[2026-05-19T04:37:59.121+0000] {subprocess.py:93} INFO -   message: Cloud Resource Manager API has not been used in project 985164471565 before
[2026-05-19T04:37:59.121+0000] {subprocess.py:93} INFO -     or it is disabled. Enable it by visiting https://console.developers.google.com/apis/api/cloudresourcemanager.googleapis.com/overview?project=985164471565
[2026-05-19T04:37:59.121+0000] {subprocess.py:93} INFO -     then retry. If you enabled this API recently, wait a few minutes for the action
[2026-05-19T04:37:59.122+0000] {subprocess.py:93} INFO -     to propagate to our systems and retry.
[2026-05-19T04:37:59.122+0000] {subprocess.py:93} INFO - - '@type': type.googleapis.com/google.rpc.Help
[2026-05-19T04:37:59.123+0000] {subprocess.py:93} INFO -   links:
[2026-05-19T04:37:59.123+0000] {subprocess.py:93} INFO -   - description: Google developers console API activation
[2026-05-19T04:37:59.124+0000] {subprocess.py:93} INFO -     url: https://console.developers.google.com/apis/api/cloudresourcemanager.googleapis.com/overview?project=985164471565
[2026-05-19T04:37:59.124+0000] {subprocess.py:93} INFO - Updated property [core/project].
[2026-05-19T04:38:02.123+0000] {subprocess.py:93} INFO - Creating gs://spalika_sales_data/...
[2026-05-19T04:38:03.077+0000] {subprocess.py:93} INFO - ERROR: (gcloud.storage.buckets.create) HTTPError 409: The requested bucket name is not available. The bucket namespace is shared by all users of the system. Please select a different name and try again.
[2026-05-19T04:38:03.267+0000] {subprocess.py:97} INFO - Command exited with return code 1
[2026-05-19T04:38:03.268+0000] {taskinstance.py:441} INFO - ::group::Post task execution logs
[2026-05-19T04:38:03.283+0000] {taskinstance.py:2905} ERROR - Task failed with exception
Traceback (most recent call last):
  File "/home/airflow/.local/lib/python3.12/site-packages/airflow/models/taskinstance.py", line 465, in _execute_task
    result = _execute_callable(context=context, **execute_callable_kwargs)
             ^^^^^^^^^^^^^^^^^^^^^^^^^^^^^^^^^^^^^^^^^^^^^^^^^^^^^^^^^^^^^
  File "/home/airflow/.local/lib/python3.12/site-packages/airflow/models/taskinstance.py", line 432, in _execute_callable
    return execute_callable(context=context, **execute_callable_kwargs)
           ^^^^^^^^^^^^^^^^^^^^^^^^^^^^^^^^^^^^^^^^^^^^^^^^^^^^^^^^^^^^
  File "/home/airflow/.local/lib/python3.12/site-packages/airflow/models/baseoperator.py", line 401, in wrapper
    return func(self, *args, **kwargs)
           ^^^^^^^^^^^^^^^^^^^^^^^^^^^
  File "/home/airflow/.local/lib/python3.12/site-packages/airflow/operators/bash.py", line 243, in execute
    raise AirflowException(
airflow.exceptions.AirflowException: Bash command failed. The command returned a non-zero exit code 1.
[2026-05-19T04:38:03.288+0000] {taskinstance.py:1206} INFO - Marking task as FAILED. dag_id=create_gcs_bucket_latest, task_id=create_gcs_bucket, run_id=manual__2026-05-19T04:37:52.244577+00:00, execution_date=20260519T043752, start_date=20260519T043753, end_date=20260519T043803
[2026-05-19T04:38:03.316+0000] {standard_task_runner.py:110} ERROR - Failed to execute job 5 for task create_gcs_bucket (Bash command failed. The command returned a non-zero exit code 1.; 223)
[2026-05-19T04:38:03.357+0000] {local_task_job_runner.py:243} INFO - Task exited with return code 1
[2026-05-19T04:38:03.376+0000] {taskinstance.py:3503} INFO - 0 downstream tasks scheduled from follow-on schedule check
[2026-05-19T04:38:03.394+0000] {local_task_job_runner.py:222} INFO - ::endgroup::
