[2026-05-19T05:29:11.541+0000] {local_task_job_runner.py:120} INFO - ::group::Pre task execution logs
[2026-05-19T05:29:11.584+0000] {taskinstance.py:2076} INFO - Dependencies all met for dep_context=non-requeueable deps ti=<TaskInstance: upload_bronze_to_gcs.upload_files_to_gcs manual__2026-05-19T05:29:09.922384+00:00 [queued]>
[2026-05-19T05:29:11.592+0000] {taskinstance.py:2076} INFO - Dependencies all met for dep_context=requeueable deps ti=<TaskInstance: upload_bronze_to_gcs.upload_files_to_gcs manual__2026-05-19T05:29:09.922384+00:00 [queued]>
[2026-05-19T05:29:11.595+0000] {taskinstance.py:2306} INFO - Starting attempt 1 of 1
[2026-05-19T05:29:11.621+0000] {taskinstance.py:2330} INFO - Executing <Task(BashOperator): upload_files_to_gcs> on 2026-05-19 05:29:09.922384+00:00
[2026-05-19T05:29:11.630+0000] {standard_task_runner.py:90} INFO - Running: ['***', 'tasks', 'run', 'upload_bronze_to_gcs', 'upload_files_to_gcs', 'manual__2026-05-19T05:29:09.922384+00:00', '--job-id', '10', '--raw', '--subdir', 'DAGS_FOLDER/UploadBronzeToGcs.py', '--cfg-path', '/tmp/tmpk43kh9ry']
[2026-05-19T05:29:11.633+0000] {logging_mixin.py:188} WARNING - /home/***/.local/lib/python3.12/site-packages/***/task/task_runner/standard_task_runner.py:62 DeprecationWarning: This process (pid=1257) is multi-threaded, use of fork() may lead to deadlocks in the child.
[2026-05-19T05:29:11.633+0000] {standard_task_runner.py:91} INFO - Job 10: Subtask upload_files_to_gcs
[2026-05-19T05:29:11.634+0000] {standard_task_runner.py:64} INFO - Started process 1258 to run task
[2026-05-19T05:29:11.721+0000] {task_command.py:426} INFO - Running <TaskInstance: upload_bronze_to_gcs.upload_files_to_gcs manual__2026-05-19T05:29:09.922384+00:00 [running]> on host 5c9e0b7d74f9
[2026-05-19T05:29:11.884+0000] {taskinstance.py:2648} INFO - Exporting env vars: AIRFLOW_CTX_DAG_OWNER='***' AIRFLOW_CTX_DAG_ID='upload_bronze_to_gcs' AIRFLOW_CTX_TASK_ID='upload_files_to_gcs' AIRFLOW_CTX_EXECUTION_DATE='2026-05-19T05:29:09.922384+00:00' AIRFLOW_CTX_TRY_NUMBER='1' AIRFLOW_CTX_DAG_RUN_ID='manual__2026-05-19T05:29:09.922384+00:00'
[2026-05-19T05:29:11.887+0000] {taskinstance.py:430} INFO - ::endgroup::
[2026-05-19T05:29:11.906+0000] {subprocess.py:63} INFO - Tmp dir root location: /tmp
[2026-05-19T05:29:11.908+0000] {subprocess.py:75} INFO - Running command: ['/usr/bin/bash', '-c', '\n        export GOOGLE_APPLICATION_CREDENTIALS=/opt/***/keys/sodium-hope-496414-q7-67bd82e4d356.json\n\n        gcloud auth activate-service-account             --key-file=$GOOGLE_APPLICATION_CREDENTIALS\n\n        gcloud config set project sodium-hope-496414-q7\n\n        echo "Uploading Bronze CSV files to GCS..."\n\n        gsutil cp /opt/***/data/bronze/*.csv         gs://spalika-sales-data-2016/raw/\n\n        echo "Upload Completed"\n        ']
[2026-05-19T05:29:11.920+0000] {subprocess.py:86} INFO - Output:
[2026-05-19T05:29:13.237+0000] {subprocess.py:93} INFO - Activated service account credentials for: [***-gcp@sodium-hope-496414-q7.iam.gserviceaccount.com]
[2026-05-19T05:29:15.483+0000] {subprocess.py:93} INFO - Updated property [core/project].
[2026-05-19T05:29:15.638+0000] {subprocess.py:93} INFO - Uploading Bronze CSV files to GCS...
[2026-05-19T05:29:16.971+0000] {subprocess.py:93} INFO - CommandException: No URLs matched: /opt/***/data/bronze/*.csv
[2026-05-19T05:29:17.293+0000] {subprocess.py:93} INFO - Upload Completed
[2026-05-19T05:29:17.294+0000] {subprocess.py:97} INFO - Command exited with return code 0
[2026-05-19T05:29:17.296+0000] {taskinstance.py:441} INFO - ::group::Post task execution logs
[2026-05-19T05:29:17.350+0000] {taskinstance.py:1206} INFO - Marking task as SUCCESS. dag_id=upload_bronze_to_gcs, task_id=upload_files_to_gcs, run_id=manual__2026-05-19T05:29:09.922384+00:00, execution_date=20260519T052909, start_date=20260519T052911, end_date=20260519T052917
[2026-05-19T05:29:17.384+0000] {local_task_job_runner.py:243} INFO - Task exited with return code 0
[2026-05-19T05:29:17.407+0000] {taskinstance.py:3503} INFO - 0 downstream tasks scheduled from follow-on schedule check
[2026-05-19T05:29:17.422+0000] {local_task_job_runner.py:222} INFO - ::endgroup::
