[2026-05-19T10:45:31.975+0000] {local_task_job_runner.py:120} INFO - ::group::Pre task execution logs
[2026-05-19T10:45:32.030+0000] {taskinstance.py:2076} INFO - Dependencies all met for dep_context=non-requeueable deps ti=<TaskInstance: create_bigquery_datasets.create_datasets manual__2026-05-19T10:45:31.245085+00:00 [queued]>
[2026-05-19T10:45:32.042+0000] {taskinstance.py:2076} INFO - Dependencies all met for dep_context=requeueable deps ti=<TaskInstance: create_bigquery_datasets.create_datasets manual__2026-05-19T10:45:31.245085+00:00 [queued]>
[2026-05-19T10:45:32.048+0000] {taskinstance.py:2306} INFO - Starting attempt 1 of 1
[2026-05-19T10:45:32.078+0000] {taskinstance.py:2330} INFO - Executing <Task(BashOperator): create_datasets> on 2026-05-19 10:45:31.245085+00:00
[2026-05-19T10:45:32.088+0000] {standard_task_runner.py:90} INFO - Running: ['***', 'tasks', 'run', 'create_bigquery_datasets', 'create_datasets', 'manual__2026-05-19T10:45:31.245085+00:00', '--job-id', '7', '--raw', '--subdir', 'DAGS_FOLDER/CreateBigqueryDatasets.py', '--cfg-path', '/tmp/tmp7nrruiou']
[2026-05-19T10:45:32.092+0000] {standard_task_runner.py:91} INFO - Job 7: Subtask create_datasets
[2026-05-19T10:45:32.093+0000] {logging_mixin.py:188} WARNING - /home/***/.local/lib/python3.12/site-packages/***/task/task_runner/standard_task_runner.py:62 DeprecationWarning: This process (pid=590) is multi-threaded, use of fork() may lead to deadlocks in the child.
[2026-05-19T10:45:32.095+0000] {standard_task_runner.py:64} INFO - Started process 591 to run task
[2026-05-19T10:45:32.198+0000] {task_command.py:426} INFO - Running <TaskInstance: create_bigquery_datasets.create_datasets manual__2026-05-19T10:45:31.245085+00:00 [running]> on host 43bc07cc5853
[2026-05-19T10:45:32.355+0000] {taskinstance.py:2648} INFO - Exporting env vars: AIRFLOW_CTX_DAG_OWNER='***' AIRFLOW_CTX_DAG_ID='create_bigquery_datasets' AIRFLOW_CTX_TASK_ID='create_datasets' AIRFLOW_CTX_EXECUTION_DATE='2026-05-19T10:45:31.245085+00:00' AIRFLOW_CTX_TRY_NUMBER='1' AIRFLOW_CTX_DAG_RUN_ID='manual__2026-05-19T10:45:31.245085+00:00'
[2026-05-19T10:45:32.356+0000] {taskinstance.py:430} INFO - ::endgroup::
[2026-05-19T10:45:32.422+0000] {subprocess.py:63} INFO - Tmp dir root location: /tmp
[2026-05-19T10:45:32.424+0000] {subprocess.py:75} INFO - Running command: ['/usr/bin/bash', '-c', '\n        export GOOGLE_APPLICATION_CREDENTIALS=/opt/***/keys/sodium-hope-496414-q7-67bd82e4d356.json\n\n        gcloud auth activate-service-account         --key-file=$GOOGLE_APPLICATION_CREDENTIALS\n\n        gcloud config set project sodium-hope-496414-q7\n\n        echo "Creating Bronze Dataset..."\n\n        bq --location=US mk --dataset --description "Bronze Layer Dataset"         sodium-hope-496414-q7:bronze_sales_ds || echo "bronze_sales_ds already exists"\n\n        echo "Creating Silver Dataset..."\n\n        bq --location=US mk --dataset --description "Silver Layer Dataset"         sodium-hope-496414-q7:silver_sales_ds || echo "silver_sales_ds already exists"\n\n        echo "Creating Gold Dataset..."\n\n        bq --location=US mk --dataset --description "Gold Layer Dataset"         sodium-hope-496414-q7:gold_sales_ds || echo "gold_sales_ds already exists"\n\n        echo "All datasets created successfully"\n        ']
[2026-05-19T10:45:32.435+0000] {subprocess.py:86} INFO - Output:
[2026-05-19T10:45:35.150+0000] {subprocess.py:93} INFO - Activated service account credentials for: [***-gcp@sodium-hope-496414-q7.iam.gserviceaccount.com]
[2026-05-19T10:45:37.498+0000] {subprocess.py:93} INFO - Updated property [core/project].
[2026-05-19T10:45:37.695+0000] {subprocess.py:93} INFO - Creating Bronze Dataset...
[2026-05-19T10:45:43.801+0000] {subprocess.py:93} INFO - Dataset 'sodium-hope-496414-q7:bronze_sales_ds' successfully created.
[2026-05-19T10:45:43.993+0000] {subprocess.py:93} INFO - Creating Silver Dataset...
[2026-05-19T10:45:48.292+0000] {subprocess.py:93} INFO - Dataset 'sodium-hope-496414-q7:silver_sales_ds' successfully created.
[2026-05-19T10:45:48.502+0000] {subprocess.py:93} INFO - Creating Gold Dataset...
[2026-05-19T10:45:52.872+0000] {subprocess.py:93} INFO - Dataset 'sodium-hope-496414-q7:gold_sales_ds' successfully created.
[2026-05-19T10:45:53.098+0000] {subprocess.py:93} INFO - All datasets created successfully
[2026-05-19T10:45:53.099+0000] {subprocess.py:97} INFO - Command exited with return code 0
[2026-05-19T10:45:53.100+0000] {taskinstance.py:441} INFO - ::group::Post task execution logs
[2026-05-19T10:45:53.163+0000] {taskinstance.py:1206} INFO - Marking task as SUCCESS. dag_id=create_bigquery_datasets, task_id=create_datasets, run_id=manual__2026-05-19T10:45:31.245085+00:00, execution_date=20260519T104531, start_date=20260519T104532, end_date=20260519T104553
[2026-05-19T10:45:53.233+0000] {local_task_job_runner.py:243} INFO - Task exited with return code 0
[2026-05-19T10:45:53.256+0000] {taskinstance.py:3503} INFO - 0 downstream tasks scheduled from follow-on schedule check
[2026-05-19T10:45:53.272+0000] {local_task_job_runner.py:222} INFO - ::endgroup::
