[2026-05-19T05:31:44.930+0000] {local_task_job_runner.py:120} INFO - ::group::Pre task execution logs
[2026-05-19T05:31:44.974+0000] {taskinstance.py:2076} INFO - Dependencies all met for dep_context=non-requeueable deps ti=<TaskInstance: upload_bronze_to_gcs.upload_files_to_gcs manual__2026-05-19T05:31:44.178887+00:00 [queued]>
[2026-05-19T05:31:44.983+0000] {taskinstance.py:2076} INFO - Dependencies all met for dep_context=requeueable deps ti=<TaskInstance: upload_bronze_to_gcs.upload_files_to_gcs manual__2026-05-19T05:31:44.178887+00:00 [queued]>
[2026-05-19T05:31:44.986+0000] {taskinstance.py:2306} INFO - Starting attempt 1 of 1
[2026-05-19T05:31:45.014+0000] {taskinstance.py:2330} INFO - Executing <Task(BashOperator): upload_files_to_gcs> on 2026-05-19 05:31:44.178887+00:00
[2026-05-19T05:31:45.024+0000] {standard_task_runner.py:90} INFO - Running: ['***', 'tasks', 'run', 'upload_bronze_to_gcs', 'upload_files_to_gcs', 'manual__2026-05-19T05:31:44.178887+00:00', '--job-id', '11', '--raw', '--subdir', 'DAGS_FOLDER/UploadBronzeToGcs.py', '--cfg-path', '/tmp/tmp2ci87ol7']
[2026-05-19T05:31:45.028+0000] {standard_task_runner.py:91} INFO - Job 11: Subtask upload_files_to_gcs
[2026-05-19T05:31:45.029+0000] {logging_mixin.py:188} WARNING - /home/***/.local/lib/python3.12/site-packages/***/task/task_runner/standard_task_runner.py:62 DeprecationWarning: This process (pid=1498) is multi-threaded, use of fork() may lead to deadlocks in the child.
[2026-05-19T05:31:45.030+0000] {standard_task_runner.py:64} INFO - Started process 1499 to run task
[2026-05-19T05:31:45.145+0000] {task_command.py:426} INFO - Running <TaskInstance: upload_bronze_to_gcs.upload_files_to_gcs manual__2026-05-19T05:31:44.178887+00:00 [running]> on host 5c9e0b7d74f9
[2026-05-19T05:31:45.355+0000] {taskinstance.py:2648} INFO - Exporting env vars: AIRFLOW_CTX_DAG_OWNER='***' AIRFLOW_CTX_DAG_ID='upload_bronze_to_gcs' AIRFLOW_CTX_TASK_ID='upload_files_to_gcs' AIRFLOW_CTX_EXECUTION_DATE='2026-05-19T05:31:44.178887+00:00' AIRFLOW_CTX_TRY_NUMBER='1' AIRFLOW_CTX_DAG_RUN_ID='manual__2026-05-19T05:31:44.178887+00:00'
[2026-05-19T05:31:45.356+0000] {taskinstance.py:430} INFO - ::endgroup::
[2026-05-19T05:31:45.372+0000] {subprocess.py:63} INFO - Tmp dir root location: /tmp
[2026-05-19T05:31:45.374+0000] {subprocess.py:75} INFO - Running command: ['/usr/bin/bash', '-c', '\n        export GOOGLE_APPLICATION_CREDENTIALS=/opt/***/keys/sodium-hope-496414-q7-67bd82e4d356.json\n\n        gcloud auth activate-service-account             --key-file=$GOOGLE_APPLICATION_CREDENTIALS\n\n        gcloud config set project sodium-hope-496414-q7\n\n        echo "Uploading Bronze CSV files to GCS..."\n\n        gsutil cp /opt/***/data/bronze/*.csv         gs://spalika_sales_data-2016/raw/\n\n        echo "Upload Completed"\n        ']
[2026-05-19T05:31:45.385+0000] {subprocess.py:86} INFO - Output:
[2026-05-19T05:31:46.622+0000] {subprocess.py:93} INFO - Activated service account credentials for: [***-gcp@sodium-hope-496414-q7.iam.gserviceaccount.com]
[2026-05-19T05:31:48.827+0000] {subprocess.py:93} INFO - Updated property [core/project].
[2026-05-19T05:31:48.999+0000] {subprocess.py:93} INFO - Uploading Bronze CSV files to GCS...
[2026-05-19T05:31:50.350+0000] {subprocess.py:93} INFO - CommandException: No URLs matched: /opt/***/data/bronze/*.csv
[2026-05-19T05:31:50.683+0000] {subprocess.py:93} INFO - Upload Completed
[2026-05-19T05:31:50.685+0000] {subprocess.py:97} INFO - Command exited with return code 0
[2026-05-19T05:31:50.686+0000] {taskinstance.py:441} INFO - ::group::Post task execution logs
[2026-05-19T05:31:50.756+0000] {taskinstance.py:1206} INFO - Marking task as SUCCESS. dag_id=upload_bronze_to_gcs, task_id=upload_files_to_gcs, run_id=manual__2026-05-19T05:31:44.178887+00:00, execution_date=20260519T053144, start_date=20260519T053144, end_date=20260519T053150
[2026-05-19T05:31:50.835+0000] {local_task_job_runner.py:243} INFO - Task exited with return code 0
[2026-05-19T05:31:50.857+0000] {taskinstance.py:3503} INFO - 0 downstream tasks scheduled from follow-on schedule check
[2026-05-19T05:31:50.872+0000] {local_task_job_runner.py:222} INFO - ::endgroup::
