[2026-05-19T04:44:59.084+0000] {local_task_job_runner.py:120} INFO - ::group::Pre task execution logs
[2026-05-19T04:44:59.139+0000] {taskinstance.py:2076} INFO - Dependencies all met for dep_context=non-requeueable deps ti=<TaskInstance: create_gcs_bucket_latest.create_gcs_bucket manual__2026-05-19T04:44:58.534276+00:00 [queued]>
[2026-05-19T04:44:59.149+0000] {taskinstance.py:2076} INFO - Dependencies all met for dep_context=requeueable deps ti=<TaskInstance: create_gcs_bucket_latest.create_gcs_bucket manual__2026-05-19T04:44:58.534276+00:00 [queued]>
[2026-05-19T04:44:59.150+0000] {taskinstance.py:2306} INFO - Starting attempt 1 of 1
[2026-05-19T04:44:59.179+0000] {taskinstance.py:2330} INFO - Executing <Task(BashOperator): create_gcs_bucket> on 2026-05-19 04:44:58.534276+00:00
[2026-05-19T04:44:59.209+0000] {standard_task_runner.py:90} INFO - Running: ['***', 'tasks', 'run', 'create_gcs_bucket_latest', 'create_gcs_bucket', 'manual__2026-05-19T04:44:58.534276+00:00', '--job-id', '6', '--raw', '--subdir', 'DAGS_FOLDER/CreateGcsBucket.py', '--cfg-path', '/tmp/tmpps3aaitj']
[2026-05-19T04:44:59.218+0000] {standard_task_runner.py:91} INFO - Job 6: Subtask create_gcs_bucket
[2026-05-19T04:44:59.220+0000] {logging_mixin.py:188} WARNING - /home/***/.local/lib/python3.12/site-packages/***/task/task_runner/standard_task_runner.py:62 DeprecationWarning: This process (pid=348) is multi-threaded, use of fork() may lead to deadlocks in the child.
[2026-05-19T04:44:59.221+0000] {standard_task_runner.py:64} INFO - Started process 349 to run task
[2026-05-19T04:44:59.320+0000] {task_command.py:426} INFO - Running <TaskInstance: create_gcs_bucket_latest.create_gcs_bucket manual__2026-05-19T04:44:58.534276+00:00 [running]> on host 5c9e0b7d74f9
[2026-05-19T04:44:59.515+0000] {taskinstance.py:2648} INFO - Exporting env vars: AIRFLOW_CTX_DAG_OWNER='***' AIRFLOW_CTX_DAG_ID='create_gcs_bucket_latest' AIRFLOW_CTX_TASK_ID='create_gcs_bucket' AIRFLOW_CTX_EXECUTION_DATE='2026-05-19T04:44:58.534276+00:00' AIRFLOW_CTX_TRY_NUMBER='1' AIRFLOW_CTX_DAG_RUN_ID='manual__2026-05-19T04:44:58.534276+00:00'
[2026-05-19T04:44:59.516+0000] {taskinstance.py:430} INFO - ::endgroup::
[2026-05-19T04:44:59.553+0000] {subprocess.py:63} INFO - Tmp dir root location: /tmp
[2026-05-19T04:44:59.555+0000] {subprocess.py:75} INFO - Running command: ['/usr/bin/bash', '-c', '\n        export GOOGLE_APPLICATION_CREDENTIALS=/opt/***/keys/sodium-hope-496414-q7-67bd82e4d356.json\n\n        gcloud auth activate-service-account --key-file=$GOOGLE_APPLICATION_CREDENTIALS\n\n        gcloud config set project sodium-hope-496414-q7\n\n        if ! gcloud storage buckets describe gs://gs://spalika-sales-data-2026 >/dev/null 2>&1; then\n            gcloud storage buckets create gs://spalika_sales_data --location=US\n        else\n            echo "Bucket already exists"\n        fi\n        ']
[2026-05-19T04:44:59.572+0000] {subprocess.py:86} INFO - Output:
[2026-05-19T04:45:00.893+0000] {subprocess.py:93} INFO - Activated service account credentials for: [***-gcp@sodium-hope-496414-q7.iam.gserviceaccount.com]
[2026-05-19T04:45:03.072+0000] {subprocess.py:93} INFO - Updated property [core/project].
[2026-05-19T04:45:04.769+0000] {subprocess.py:93} INFO - Creating gs://spalika_sales_data/...
[2026-05-19T04:45:05.868+0000] {subprocess.py:93} INFO - ERROR: (gcloud.storage.buckets.create) HTTPError 409: The requested bucket name is not available. The bucket namespace is shared by all users of the system. Please select a different name and try again.
[2026-05-19T04:45:06.061+0000] {subprocess.py:97} INFO - Command exited with return code 1
[2026-05-19T04:45:06.062+0000] {taskinstance.py:441} INFO - ::group::Post task execution logs
[2026-05-19T04:45:06.078+0000] {taskinstance.py:2905} ERROR - Task failed with exception
Traceback (most recent call last):
  File "/home/airflow/.local/lib/python3.12/site-packages/airflow/models/taskinstance.py", line 465, in _execute_task
    result = _execute_callable(context=context, **execute_callable_kwargs)
             ^^^^^^^^^^^^^^^^^^^^^^^^^^^^^^^^^^^^^^^^^^^^^^^^^^^^^^^^^^^^^
  File "/home/airflow/.local/lib/python3.12/site-packages/airflow/models/taskinstance.py", line 432, in _execute_callable
    return execute_callable(context=context, **execute_callable_kwargs)
           ^^^^^^^^^^^^^^^^^^^^^^^^^^^^^^^^^^^^^^^^^^^^^^^^^^^^^^^^^^^^
  File "/home/airflow/.local/lib/python3.12/site-packages/airflow/models/baseoperator.py", line 401, in wrapper
    return func(self, *args, **kwargs)
           ^^^^^^^^^^^^^^^^^^^^^^^^^^^
  File "/home/airflow/.local/lib/python3.12/site-packages/airflow/operators/bash.py", line 243, in execute
    raise AirflowException(
airflow.exceptions.AirflowException: Bash command failed. The command returned a non-zero exit code 1.
[2026-05-19T04:45:06.082+0000] {taskinstance.py:1206} INFO - Marking task as FAILED. dag_id=create_gcs_bucket_latest, task_id=create_gcs_bucket, run_id=manual__2026-05-19T04:44:58.534276+00:00, execution_date=20260519T044458, start_date=20260519T044459, end_date=20260519T044506
[2026-05-19T04:45:06.112+0000] {standard_task_runner.py:110} ERROR - Failed to execute job 6 for task create_gcs_bucket (Bash command failed. The command returned a non-zero exit code 1.; 349)
[2026-05-19T04:45:06.131+0000] {local_task_job_runner.py:243} INFO - Task exited with return code 1
[2026-05-19T04:45:06.153+0000] {taskinstance.py:3503} INFO - 0 downstream tasks scheduled from follow-on schedule check
[2026-05-19T04:45:06.169+0000] {local_task_job_runner.py:222} INFO - ::endgroup::
