[2026-05-19T05:42:59.244+0000] {local_task_job_runner.py:120} INFO - ::group::Pre task execution logs
[2026-05-19T05:42:59.314+0000] {taskinstance.py:2076} INFO - Dependencies all met for dep_context=non-requeueable deps ti=<TaskInstance: upload_bronze_to_gcs.upload_files_to_gcs manual__2026-05-19T05:42:58.213193+00:00 [queued]>
[2026-05-19T05:42:59.329+0000] {taskinstance.py:2076} INFO - Dependencies all met for dep_context=requeueable deps ti=<TaskInstance: upload_bronze_to_gcs.upload_files_to_gcs manual__2026-05-19T05:42:58.213193+00:00 [queued]>
[2026-05-19T05:42:59.330+0000] {taskinstance.py:2306} INFO - Starting attempt 1 of 1
[2026-05-19T05:42:59.379+0000] {taskinstance.py:2330} INFO - Executing <Task(BashOperator): upload_files_to_gcs> on 2026-05-19 05:42:58.213193+00:00
[2026-05-19T05:42:59.391+0000] {standard_task_runner.py:90} INFO - Running: ['***', 'tasks', 'run', 'upload_bronze_to_gcs', 'upload_files_to_gcs', 'manual__2026-05-19T05:42:58.213193+00:00', '--job-id', '2', '--raw', '--subdir', 'DAGS_FOLDER/UploadBronzeToGcs.py', '--cfg-path', '/tmp/tmpsr255d0u']
[2026-05-19T05:42:59.396+0000] {logging_mixin.py:188} WARNING - /home/***/.local/lib/python3.12/site-packages/***/task/task_runner/standard_task_runner.py:62 DeprecationWarning: This process (pid=184) is multi-threaded, use of fork() may lead to deadlocks in the child.
[2026-05-19T05:42:59.399+0000] {standard_task_runner.py:91} INFO - Job 2: Subtask upload_files_to_gcs
[2026-05-19T05:42:59.399+0000] {standard_task_runner.py:64} INFO - Started process 185 to run task
[2026-05-19T05:42:59.779+0000] {task_command.py:426} INFO - Running <TaskInstance: upload_bronze_to_gcs.upload_files_to_gcs manual__2026-05-19T05:42:58.213193+00:00 [running]> on host 35de32b5ce4e
[2026-05-19T05:42:59.934+0000] {taskinstance.py:2648} INFO - Exporting env vars: AIRFLOW_CTX_DAG_OWNER='***' AIRFLOW_CTX_DAG_ID='upload_bronze_to_gcs' AIRFLOW_CTX_TASK_ID='upload_files_to_gcs' AIRFLOW_CTX_EXECUTION_DATE='2026-05-19T05:42:58.213193+00:00' AIRFLOW_CTX_TRY_NUMBER='1' AIRFLOW_CTX_DAG_RUN_ID='manual__2026-05-19T05:42:58.213193+00:00'
[2026-05-19T05:42:59.935+0000] {taskinstance.py:430} INFO - ::endgroup::
[2026-05-19T05:42:59.973+0000] {subprocess.py:63} INFO - Tmp dir root location: /tmp
[2026-05-19T05:42:59.974+0000] {subprocess.py:75} INFO - Running command: ['/usr/bin/bash', '-c', '\n        export GOOGLE_APPLICATION_CREDENTIALS=/opt/***/keys/sodium-hope-496414-q7-67bd82e4d356.json\n\n        gcloud auth activate-service-account             --key-file=$GOOGLE_APPLICATION_CREDENTIALS\n\n        gcloud config set project sodium-hope-496414-q7\n\n        echo "Uploading Bronze CSV files to GCS..."\n\n        gsutil cp /opt/***/data/bronze/*.csv         gs://palika1/raw/\n\n        echo "Upload Completed"\n        ']
[2026-05-19T05:42:59.985+0000] {subprocess.py:86} INFO - Output:
[2026-05-19T05:43:01.900+0000] {subprocess.py:93} INFO - Activated service account credentials for: [***-gcp@sodium-hope-496414-q7.iam.gserviceaccount.com]
[2026-05-19T05:43:04.082+0000] {subprocess.py:93} INFO - Updated property [core/project].
[2026-05-19T05:43:04.245+0000] {subprocess.py:93} INFO - Uploading Bronze CSV files to GCS...
[2026-05-19T05:43:05.660+0000] {subprocess.py:93} INFO - CommandException: No URLs matched: /opt/***/data/bronze/*.csv
[2026-05-19T05:43:06.001+0000] {subprocess.py:93} INFO - Upload Completed
[2026-05-19T05:43:06.001+0000] {subprocess.py:97} INFO - Command exited with return code 0
[2026-05-19T05:43:06.003+0000] {taskinstance.py:441} INFO - ::group::Post task execution logs
[2026-05-19T05:43:06.060+0000] {taskinstance.py:1206} INFO - Marking task as SUCCESS. dag_id=upload_bronze_to_gcs, task_id=upload_files_to_gcs, run_id=manual__2026-05-19T05:42:58.213193+00:00, execution_date=20260519T054258, start_date=20260519T054259, end_date=20260519T054306
[2026-05-19T05:43:06.120+0000] {local_task_job_runner.py:243} INFO - Task exited with return code 0
[2026-05-19T05:43:06.142+0000] {taskinstance.py:3503} INFO - 0 downstream tasks scheduled from follow-on schedule check
[2026-05-19T05:43:06.159+0000] {local_task_job_runner.py:222} INFO - ::endgroup::
