[2026-05-19T05:24:28.594+0000] {local_task_job_runner.py:120} INFO - ::group::Pre task execution logs
[2026-05-19T05:24:28.637+0000] {taskinstance.py:2076} INFO - Dependencies all met for dep_context=non-requeueable deps ti=<TaskInstance: create_gcs_bucket_latest.create_gcs_bucket manual__2026-05-19T05:24:27.945858+00:00 [queued]>
[2026-05-19T05:24:28.650+0000] {taskinstance.py:2076} INFO - Dependencies all met for dep_context=requeueable deps ti=<TaskInstance: create_gcs_bucket_latest.create_gcs_bucket manual__2026-05-19T05:24:27.945858+00:00 [queued]>
[2026-05-19T05:24:28.661+0000] {taskinstance.py:2306} INFO - Starting attempt 1 of 1
[2026-05-19T05:24:28.712+0000] {taskinstance.py:2330} INFO - Executing <Task(BashOperator): create_gcs_bucket> on 2026-05-19 05:24:27.945858+00:00
[2026-05-19T05:24:28.725+0000] {standard_task_runner.py:90} INFO - Running: ['***', 'tasks', 'run', 'create_gcs_bucket_latest', 'create_gcs_bucket', 'manual__2026-05-19T05:24:27.945858+00:00', '--job-id', '9', '--raw', '--subdir', 'DAGS_FOLDER/CreateGcsBucket.py', '--cfg-path', '/tmp/tmpyqmsh6w3']
[2026-05-19T05:24:28.731+0000] {standard_task_runner.py:91} INFO - Job 9: Subtask create_gcs_bucket
[2026-05-19T05:24:28.732+0000] {logging_mixin.py:188} WARNING - /home/***/.local/lib/python3.12/site-packages/***/task/task_runner/standard_task_runner.py:62 DeprecationWarning: This process (pid=1106) is multi-threaded, use of fork() may lead to deadlocks in the child.
[2026-05-19T05:24:28.733+0000] {standard_task_runner.py:64} INFO - Started process 1107 to run task
[2026-05-19T05:24:28.941+0000] {task_command.py:426} INFO - Running <TaskInstance: create_gcs_bucket_latest.create_gcs_bucket manual__2026-05-19T05:24:27.945858+00:00 [running]> on host 5c9e0b7d74f9
[2026-05-19T05:24:29.145+0000] {taskinstance.py:2648} INFO - Exporting env vars: AIRFLOW_CTX_DAG_OWNER='***' AIRFLOW_CTX_DAG_ID='create_gcs_bucket_latest' AIRFLOW_CTX_TASK_ID='create_gcs_bucket' AIRFLOW_CTX_EXECUTION_DATE='2026-05-19T05:24:27.945858+00:00' AIRFLOW_CTX_TRY_NUMBER='1' AIRFLOW_CTX_DAG_RUN_ID='manual__2026-05-19T05:24:27.945858+00:00'
[2026-05-19T05:24:29.146+0000] {taskinstance.py:430} INFO - ::endgroup::
[2026-05-19T05:24:29.166+0000] {subprocess.py:63} INFO - Tmp dir root location: /tmp
[2026-05-19T05:24:29.167+0000] {subprocess.py:75} INFO - Running command: ['/usr/bin/bash', '-c', '\n        export GOOGLE_APPLICATION_CREDENTIALS=/opt/***/keys/sodium-hope-496414-q7-67bd82e4d356.json\n\n        gcloud auth activate-service-account --key-file=$GOOGLE_APPLICATION_CREDENTIALS\n\n        gcloud config set project sodium-hope-496414-q7\n\n        if ! gcloud storage buckets describe gs://spalika-sales-data-2026 >/dev/null 2>&1; then\n            gcloud storage buckets create gs://spalika_sales_data-2016 --location=US\n        else\n            echo "Bucket already exists" \n        fi\n        ']
[2026-05-19T05:24:29.179+0000] {subprocess.py:86} INFO - Output:
[2026-05-19T05:24:30.524+0000] {subprocess.py:93} INFO - Activated service account credentials for: [***-gcp@sodium-hope-496414-q7.iam.gserviceaccount.com]
[2026-05-19T05:24:32.685+0000] {subprocess.py:93} INFO - Updated property [core/project].
[2026-05-19T05:24:35.691+0000] {subprocess.py:93} INFO - Creating gs://spalika_sales_data-2016/...
[2026-05-19T05:24:36.817+0000] {subprocess.py:93} INFO - ERROR: (gcloud.storage.buckets.create) HTTPError 409: Your previous request to create the named bucket succeeded and you already own it.
[2026-05-19T05:24:36.993+0000] {subprocess.py:97} INFO - Command exited with return code 1
[2026-05-19T05:24:36.995+0000] {taskinstance.py:441} INFO - ::group::Post task execution logs
[2026-05-19T05:24:37.010+0000] {taskinstance.py:2905} ERROR - Task failed with exception
Traceback (most recent call last):
  File "/home/airflow/.local/lib/python3.12/site-packages/airflow/models/taskinstance.py", line 465, in _execute_task
    result = _execute_callable(context=context, **execute_callable_kwargs)
             ^^^^^^^^^^^^^^^^^^^^^^^^^^^^^^^^^^^^^^^^^^^^^^^^^^^^^^^^^^^^^
  File "/home/airflow/.local/lib/python3.12/site-packages/airflow/models/taskinstance.py", line 432, in _execute_callable
    return execute_callable(context=context, **execute_callable_kwargs)
           ^^^^^^^^^^^^^^^^^^^^^^^^^^^^^^^^^^^^^^^^^^^^^^^^^^^^^^^^^^^^
  File "/home/airflow/.local/lib/python3.12/site-packages/airflow/models/baseoperator.py", line 401, in wrapper
    return func(self, *args, **kwargs)
           ^^^^^^^^^^^^^^^^^^^^^^^^^^^
  File "/home/airflow/.local/lib/python3.12/site-packages/airflow/operators/bash.py", line 243, in execute
    raise AirflowException(
airflow.exceptions.AirflowException: Bash command failed. The command returned a non-zero exit code 1.
[2026-05-19T05:24:37.014+0000] {taskinstance.py:1206} INFO - Marking task as FAILED. dag_id=create_gcs_bucket_latest, task_id=create_gcs_bucket, run_id=manual__2026-05-19T05:24:27.945858+00:00, execution_date=20260519T052427, start_date=20260519T052428, end_date=20260519T052437
[2026-05-19T05:24:37.041+0000] {standard_task_runner.py:110} ERROR - Failed to execute job 9 for task create_gcs_bucket (Bash command failed. The command returned a non-zero exit code 1.; 1107)
[2026-05-19T05:24:37.057+0000] {local_task_job_runner.py:243} INFO - Task exited with return code 1
[2026-05-19T05:24:37.079+0000] {taskinstance.py:3503} INFO - 0 downstream tasks scheduled from follow-on schedule check
[2026-05-19T05:24:37.094+0000] {local_task_job_runner.py:222} INFO - ::endgroup::
