[2026-05-19T11:22:07.731+0000] {local_task_job_runner.py:120} INFO - ::group::Pre task execution logs
[2026-05-19T11:22:07.790+0000] {taskinstance.py:2076} INFO - Dependencies all met for dep_context=non-requeueable deps ti=<TaskInstance: bronze_sales_load_dag.load_crm_products manual__2026-05-19T11:22:05.562616+00:00 [queued]>
[2026-05-19T11:22:07.802+0000] {taskinstance.py:2076} INFO - Dependencies all met for dep_context=requeueable deps ti=<TaskInstance: bronze_sales_load_dag.load_crm_products manual__2026-05-19T11:22:05.562616+00:00 [queued]>
[2026-05-19T11:22:07.803+0000] {taskinstance.py:2306} INFO - Starting attempt 1 of 1
[2026-05-19T11:22:07.832+0000] {taskinstance.py:2330} INFO - Executing <Task(PythonOperator): load_crm_products> on 2026-05-19 11:22:05.562616+00:00
[2026-05-19T11:22:07.849+0000] {standard_task_runner.py:90} INFO - Running: ['***', 'tasks', 'run', 'bronze_sales_load_dag', 'load_crm_products', 'manual__2026-05-19T11:22:05.562616+00:00', '--job-id', '8', '--raw', '--subdir', 'DAGS_FOLDER/BronzeSalesLoadDag.py', '--cfg-path', '/tmp/tmpamc6q7om']
[2026-05-19T11:22:07.856+0000] {logging_mixin.py:188} WARNING - /home/***/.local/lib/python3.12/site-packages/***/task/task_runner/standard_task_runner.py:62 DeprecationWarning: This process (pid=1899) is multi-threaded, use of fork() may lead to deadlocks in the child.
[2026-05-19T11:22:07.856+0000] {standard_task_runner.py:91} INFO - Job 8: Subtask load_crm_products
[2026-05-19T11:22:07.857+0000] {standard_task_runner.py:64} INFO - Started process 1918 to run task
[2026-05-19T11:22:07.996+0000] {task_command.py:426} INFO - Running <TaskInstance: bronze_sales_load_dag.load_crm_products manual__2026-05-19T11:22:05.562616+00:00 [running]> on host 43bc07cc5853
[2026-05-19T11:22:08.235+0000] {taskinstance.py:2648} INFO - Exporting env vars: AIRFLOW_CTX_DAG_OWNER='***' AIRFLOW_CTX_DAG_ID='bronze_sales_load_dag' AIRFLOW_CTX_TASK_ID='load_crm_products' AIRFLOW_CTX_EXECUTION_DATE='2026-05-19T11:22:05.562616+00:00' AIRFLOW_CTX_TRY_NUMBER='1' AIRFLOW_CTX_DAG_RUN_ID='manual__2026-05-19T11:22:05.562616+00:00'
[2026-05-19T11:22:08.239+0000] {taskinstance.py:430} INFO - ::endgroup::
[2026-05-19T11:22:08.281+0000] {_metadata.py:139} WARNING - Compute Engine Metadata server unavailable on attempt 1 of 3. Reason: [Errno 111] Connection refused
[2026-05-19T11:22:08.284+0000] {_metadata.py:139} WARNING - Compute Engine Metadata server unavailable on attempt 2 of 3. Reason: [Errno 111] Connection refused
[2026-05-19T11:22:08.289+0000] {_metadata.py:139} WARNING - Compute Engine Metadata server unavailable on attempt 3 of 3. Reason: [Errno 111] Connection refused
[2026-05-19T11:22:08.290+0000] {_default.py:338} WARNING - Authentication failed using Compute Engine authentication due to unavailable metadata server.
[2026-05-19T11:22:08.291+0000] {taskinstance.py:441} INFO - ::group::Post task execution logs
[2026-05-19T11:22:08.292+0000] {taskinstance.py:2905} ERROR - Task failed with exception
Traceback (most recent call last):
  File "/home/airflow/.local/lib/python3.12/site-packages/airflow/models/taskinstance.py", line 465, in _execute_task
    result = _execute_callable(context=context, **execute_callable_kwargs)
             ^^^^^^^^^^^^^^^^^^^^^^^^^^^^^^^^^^^^^^^^^^^^^^^^^^^^^^^^^^^^^
  File "/home/airflow/.local/lib/python3.12/site-packages/airflow/models/taskinstance.py", line 432, in _execute_callable
    return execute_callable(context=context, **execute_callable_kwargs)
           ^^^^^^^^^^^^^^^^^^^^^^^^^^^^^^^^^^^^^^^^^^^^^^^^^^^^^^^^^^^^
  File "/home/airflow/.local/lib/python3.12/site-packages/airflow/models/baseoperator.py", line 401, in wrapper
    return func(self, *args, **kwargs)
           ^^^^^^^^^^^^^^^^^^^^^^^^^^^
  File "/home/airflow/.local/lib/python3.12/site-packages/airflow/operators/python.py", line 235, in execute
    return_value = self.execute_callable()
                   ^^^^^^^^^^^^^^^^^^^^^^^
  File "/home/airflow/.local/lib/python3.12/site-packages/airflow/operators/python.py", line 252, in execute_callable
    return self.python_callable(*self.op_args, **self.op_kwargs)
           ^^^^^^^^^^^^^^^^^^^^^^^^^^^^^^^^^^^^^^^^^^^^^^^^^^^^^
  File "/opt/airflow/dags/BronzeSalesLoadDag.py", line 16, in load_csv_to_bq
    client = bigquery.Client()
             ^^^^^^^^^^^^^^^^^
  File "/home/airflow/.local/lib/python3.12/site-packages/google/cloud/bigquery/client.py", line 241, in __init__
    super(Client, self).__init__(
  File "/home/airflow/.local/lib/python3.12/site-packages/google/cloud/client/__init__.py", line 320, in __init__
    _ClientProjectMixin.__init__(self, project=project, credentials=credentials)
  File "/home/airflow/.local/lib/python3.12/site-packages/google/cloud/client/__init__.py", line 268, in __init__
    project = self._determine_default(project)
              ^^^^^^^^^^^^^^^^^^^^^^^^^^^^^^^^
  File "/home/airflow/.local/lib/python3.12/site-packages/google/cloud/client/__init__.py", line 287, in _determine_default
    return _determine_default_project(project)
           ^^^^^^^^^^^^^^^^^^^^^^^^^^^^^^^^^^^
  File "/home/airflow/.local/lib/python3.12/site-packages/google/cloud/_helpers/__init__.py", line 152, in _determine_default_project
    _, project = google.auth.default()
                 ^^^^^^^^^^^^^^^^^^^^^
  File "/home/airflow/.local/lib/python3.12/site-packages/google/auth/_default.py", line 691, in default
    raise exceptions.DefaultCredentialsError(_CLOUD_SDK_MISSING_CREDENTIALS)
google.auth.exceptions.DefaultCredentialsError: Your default credentials were not found. To set up Application Default Credentials, see https://cloud.google.com/docs/authentication/external/set-up-adc for more information.
[2026-05-19T11:22:08.331+0000] {taskinstance.py:1206} INFO - Marking task as FAILED. dag_id=bronze_sales_load_dag, task_id=load_crm_products, run_id=manual__2026-05-19T11:22:05.562616+00:00, execution_date=20260519T112205, start_date=20260519T112207, end_date=20260519T112208
[2026-05-19T11:22:08.412+0000] {standard_task_runner.py:110} ERROR - Failed to execute job 8 for task load_crm_products (Your default credentials were not found. To set up Application Default Credentials, see https://cloud.google.com/docs/authentication/external/set-up-adc for more information.; 1918)
[2026-05-19T11:22:08.437+0000] {local_task_job_runner.py:243} INFO - Task exited with return code 1
[2026-05-19T11:22:08.455+0000] {local_task_job_runner.py:222} INFO - ::endgroup::
