[2026-05-19T04:48:42.477+0000] {local_task_job_runner.py:120} INFO - ::group::Pre task execution logs
[2026-05-19T04:48:42.525+0000] {taskinstance.py:2076} INFO - Dependencies all met for dep_context=non-requeueable deps ti=<TaskInstance: create_gcs_bucket_latest.create_gcs_bucket manual__2026-05-19T04:48:41.473586+00:00 [queued]>
[2026-05-19T04:48:42.536+0000] {taskinstance.py:2076} INFO - Dependencies all met for dep_context=requeueable deps ti=<TaskInstance: create_gcs_bucket_latest.create_gcs_bucket manual__2026-05-19T04:48:41.473586+00:00 [queued]>
[2026-05-19T04:48:42.548+0000] {taskinstance.py:2306} INFO - Starting attempt 1 of 1
[2026-05-19T04:48:42.578+0000] {taskinstance.py:2330} INFO - Executing <Task(BashOperator): create_gcs_bucket> on 2026-05-19 04:48:41.473586+00:00
[2026-05-19T04:48:42.586+0000] {standard_task_runner.py:90} INFO - Running: ['***', 'tasks', 'run', 'create_gcs_bucket_latest', 'create_gcs_bucket', 'manual__2026-05-19T04:48:41.473586+00:00', '--job-id', '7', '--raw', '--subdir', 'DAGS_FOLDER/CreateGcsBucket.py', '--cfg-path', '/tmp/tmp2rxt68r8']
[2026-05-19T04:48:42.589+0000] {standard_task_runner.py:91} INFO - Job 7: Subtask create_gcs_bucket
[2026-05-19T04:48:42.589+0000] {logging_mixin.py:188} WARNING - /home/***/.local/lib/python3.12/site-packages/***/task/task_runner/standard_task_runner.py:62 DeprecationWarning: This process (pid=439) is multi-threaded, use of fork() may lead to deadlocks in the child.
[2026-05-19T04:48:42.591+0000] {standard_task_runner.py:64} INFO - Started process 445 to run task
[2026-05-19T04:48:42.698+0000] {task_command.py:426} INFO - Running <TaskInstance: create_gcs_bucket_latest.create_gcs_bucket manual__2026-05-19T04:48:41.473586+00:00 [running]> on host 5c9e0b7d74f9
[2026-05-19T04:48:42.864+0000] {taskinstance.py:2648} INFO - Exporting env vars: AIRFLOW_CTX_DAG_OWNER='***' AIRFLOW_CTX_DAG_ID='create_gcs_bucket_latest' AIRFLOW_CTX_TASK_ID='create_gcs_bucket' AIRFLOW_CTX_EXECUTION_DATE='2026-05-19T04:48:41.473586+00:00' AIRFLOW_CTX_TRY_NUMBER='1' AIRFLOW_CTX_DAG_RUN_ID='manual__2026-05-19T04:48:41.473586+00:00'
[2026-05-19T04:48:42.866+0000] {taskinstance.py:430} INFO - ::endgroup::
[2026-05-19T04:48:42.889+0000] {subprocess.py:63} INFO - Tmp dir root location: /tmp
[2026-05-19T04:48:42.892+0000] {subprocess.py:75} INFO - Running command: ['/usr/bin/bash', '-c', '\n        export GOOGLE_APPLICATION_CREDENTIALS=/opt/***/keys/sodium-hope-496414-q7-67bd82e4d356.json\n\n        gcloud auth activate-service-account --key-file=$GOOGLE_APPLICATION_CREDENTIALS\n\n        gcloud config set project sodium-hope-496414-q7\n\n        if ! gcloud storage buckets describe gs://spalika-sales-data-2026 >/dev/null 2>&1; then\n            gcloud storage buckets create gs://spalika_sales_data-2016 --location=US\n        else\n            echo "Bucket already exists" \n        fi\n        ']
[2026-05-19T04:48:42.905+0000] {subprocess.py:86} INFO - Output:
[2026-05-19T04:48:44.172+0000] {subprocess.py:93} INFO - Activated service account credentials for: [***-gcp@sodium-hope-496414-q7.iam.gserviceaccount.com]
[2026-05-19T04:48:46.369+0000] {subprocess.py:93} INFO - Updated property [core/project].
[2026-05-19T04:48:49.179+0000] {subprocess.py:93} INFO - Creating gs://spalika_sales_data-2016/...
[2026-05-19T04:48:50.676+0000] {subprocess.py:97} INFO - Command exited with return code 0
[2026-05-19T04:48:50.677+0000] {taskinstance.py:441} INFO - ::group::Post task execution logs
[2026-05-19T04:48:50.727+0000] {taskinstance.py:1206} INFO - Marking task as SUCCESS. dag_id=create_gcs_bucket_latest, task_id=create_gcs_bucket, run_id=manual__2026-05-19T04:48:41.473586+00:00, execution_date=20260519T044841, start_date=20260519T044842, end_date=20260519T044850
[2026-05-19T04:48:50.800+0000] {local_task_job_runner.py:243} INFO - Task exited with return code 0
[2026-05-19T04:48:50.821+0000] {taskinstance.py:3503} INFO - 0 downstream tasks scheduled from follow-on schedule check
[2026-05-19T04:48:50.836+0000] {local_task_job_runner.py:222} INFO - ::endgroup::
