[2026-05-19T05:38:06.876+0000] {local_task_job_runner.py:120} INFO - ::group::Pre task execution logs
[2026-05-19T05:38:06.918+0000] {taskinstance.py:2076} INFO - Dependencies all met for dep_context=non-requeueable deps ti=<TaskInstance: upload_bronze_to_gcs.upload_files_to_gcs manual__2026-05-19T05:38:05.700408+00:00 [queued]>
[2026-05-19T05:38:06.925+0000] {taskinstance.py:2076} INFO - Dependencies all met for dep_context=requeueable deps ti=<TaskInstance: upload_bronze_to_gcs.upload_files_to_gcs manual__2026-05-19T05:38:05.700408+00:00 [queued]>
[2026-05-19T05:38:06.929+0000] {taskinstance.py:2306} INFO - Starting attempt 1 of 1
[2026-05-19T05:38:06.957+0000] {taskinstance.py:2330} INFO - Executing <Task(BashOperator): upload_files_to_gcs> on 2026-05-19 05:38:05.700408+00:00
[2026-05-19T05:38:06.966+0000] {standard_task_runner.py:90} INFO - Running: ['***', 'tasks', 'run', 'upload_bronze_to_gcs', 'upload_files_to_gcs', 'manual__2026-05-19T05:38:05.700408+00:00', '--job-id', '12', '--raw', '--subdir', 'DAGS_FOLDER/UploadBronzeToGcs.py', '--cfg-path', '/tmp/tmp5x3d7t8m']
[2026-05-19T05:38:06.969+0000] {standard_task_runner.py:91} INFO - Job 12: Subtask upload_files_to_gcs
[2026-05-19T05:38:06.969+0000] {logging_mixin.py:188} WARNING - /home/***/.local/lib/python3.12/site-packages/***/task/task_runner/standard_task_runner.py:62 DeprecationWarning: This process (pid=1814) is multi-threaded, use of fork() may lead to deadlocks in the child.
[2026-05-19T05:38:06.970+0000] {standard_task_runner.py:64} INFO - Started process 1815 to run task
[2026-05-19T05:38:07.057+0000] {task_command.py:426} INFO - Running <TaskInstance: upload_bronze_to_gcs.upload_files_to_gcs manual__2026-05-19T05:38:05.700408+00:00 [running]> on host 5c9e0b7d74f9
[2026-05-19T05:38:07.216+0000] {taskinstance.py:2648} INFO - Exporting env vars: AIRFLOW_CTX_DAG_OWNER='***' AIRFLOW_CTX_DAG_ID='upload_bronze_to_gcs' AIRFLOW_CTX_TASK_ID='upload_files_to_gcs' AIRFLOW_CTX_EXECUTION_DATE='2026-05-19T05:38:05.700408+00:00' AIRFLOW_CTX_TRY_NUMBER='1' AIRFLOW_CTX_DAG_RUN_ID='manual__2026-05-19T05:38:05.700408+00:00'
[2026-05-19T05:38:07.217+0000] {taskinstance.py:430} INFO - ::endgroup::
[2026-05-19T05:38:07.234+0000] {subprocess.py:63} INFO - Tmp dir root location: /tmp
[2026-05-19T05:38:07.235+0000] {subprocess.py:75} INFO - Running command: ['/usr/bin/bash', '-c', '\n        export GOOGLE_APPLICATION_CREDENTIALS=/opt/***/keys/sodium-hope-496414-q7-67bd82e4d356.json\n\n        gcloud auth activate-service-account             --key-file=$GOOGLE_APPLICATION_CREDENTIALS\n\n        gcloud config set project sodium-hope-496414-q7\n\n        echo "Uploading Bronze CSV files to GCS..."\n\n        gsutil cp /opt/***/data/bronze/*.csv         gs://palika1/raw/\n\n        echo "Upload Completed"\n        ']
[2026-05-19T05:38:07.247+0000] {subprocess.py:86} INFO - Output:
[2026-05-19T05:38:08.559+0000] {subprocess.py:93} INFO - Activated service account credentials for: [***-gcp@sodium-hope-496414-q7.iam.gserviceaccount.com]
[2026-05-19T05:38:09.794+0000] {subprocess.py:93} INFO - Updated property [core/project].
[2026-05-19T05:38:09.952+0000] {subprocess.py:93} INFO - Uploading Bronze CSV files to GCS...
[2026-05-19T05:38:11.291+0000] {subprocess.py:93} INFO - CommandException: No URLs matched: /opt/***/data/bronze/*.csv
[2026-05-19T05:38:11.594+0000] {subprocess.py:93} INFO - Upload Completed
[2026-05-19T05:38:11.596+0000] {subprocess.py:97} INFO - Command exited with return code 0
[2026-05-19T05:38:11.597+0000] {taskinstance.py:441} INFO - ::group::Post task execution logs
[2026-05-19T05:38:11.667+0000] {taskinstance.py:1206} INFO - Marking task as SUCCESS. dag_id=upload_bronze_to_gcs, task_id=upload_files_to_gcs, run_id=manual__2026-05-19T05:38:05.700408+00:00, execution_date=20260519T053805, start_date=20260519T053806, end_date=20260519T053811
[2026-05-19T05:38:11.731+0000] {local_task_job_runner.py:243} INFO - Task exited with return code 0
[2026-05-19T05:38:11.756+0000] {taskinstance.py:3503} INFO - 0 downstream tasks scheduled from follow-on schedule check
[2026-05-19T05:38:11.772+0000] {local_task_job_runner.py:222} INFO - ::endgroup::
